[09:28:52:512 TRACE]  Send Packet, Len=15: 
10 02 08 00 72 e4 04 0e 09 1c 34 30 10 03 84 

[09:28:53:528 TRACE]  Send Packet, Len=15: 
10 02 08 00 72 e4 04 0e 09 1c 34 30 10 03 84 

[09:28:54:536 TRACE]  Send Packet, Len=15: 
10 02 08 00 72 e4 04 0e 09 1c 34 30 10 03 84 

[09:28:55:551 TRACE]  Send Packet, Len=15: 
10 02 08 00 72 e4 04 0e 09 1c 34 30 10 03 84 

[09:28:56:622 TRACE]  Send Packet, Len=15: 
10 02 08 00 72 e4 04 0e 09 1c 38 31 10 03 89 

[09:28:57:641 TRACE]  Send Packet, Len=15: 
10 02 08 00 72 e4 04 0e 09 1c 38 31 10 03 89 

[09:28:58:652 TRACE]  Send Packet, Len=15: 
10 02 08 00 72 e4 04 0e 09 1c 38 31 10 03 89 

[09:28:59:658 TRACE]  Send Packet, Len=15: 
10 02 08 00 72 e4 04 0e 09 1c 38 31 10 03 89 

[09:29:04:392 TRACE]  Send Packet, Len=14: 
10 02 07 00 50 e4 04 0e 09 1d 04 10 03 a8 

[09:29:05:411 TRACE]  Send Packet, Len=14: 
10 02 07 00 50 e4 04 0e 09 1d 04 10 03 a8 

[09:29:06:436 TRACE]  Send Packet, Len=14: 
10 02 07 00 50 e4 04 0e 09 1d 04 10 03 a8 

[09:29:07:452 TRACE]  Send Packet, Len=14: 
10 02 07 00 50 e4 04 0e 09 1d 04 10 03 a8 

[09:29:10:045 TRACE]  Send Packet, Len=14: 
10 02 07 00 50 e4 04 0e 09 1d 0a 10 03 a6 

[09:29:11:062 TRACE]  Send Packet, Len=14: 
10 02 07 00 50 e4 04 0e 09 1d 0a 10 03 a6 

[09:29:12:078 TRACE]  Send Packet, Len=14: 
10 02 07 00 50 e4 04 0e 09 1d 0a 10 03 a6 

[09:29:13:089 TRACE]  Send Packet, Len=14: 
10 02 07 00 50 e4 04 0e 09 1d 0a 10 03 a6 

[09:29:47:011 TRACE]  Send Packet, Len=14: 
10 02 07 00 50 e4 04 0e 09 1d 2f 10 03 83 

[09:29:47:026 TRACE]  Recv Packet, Len=2: 
10 06 

[09:29:47:042 TRACE]  Send Packet, Len=2: 
10 05 

[09:29:47:057 TRACE]  Recv Packet, Len=2: 
10 02 

[09:29:47:073 TRACE]  Recv Packet, Len=2: 
44 00 

[09:29:47:089 TRACE]  Recv Packet, Len=71: 
50 73 00 00 be fe b2 e9 1b 0d 18 0d 3c 0d 3a 0d 
39 0d 29 0d 2a 0d 2c 0d 1a 0d 19 0d 17 0d 16 0d 
14 0d 00 00 00 00 00 00 00 00 00 00 00 00 00 00 
00 00 00 00 00 00 00 00 00 00 00 00 00 00 00 00 
00 00 00 00 10 03 75 

[09:29:47:104 TRACE]  Send Packet, Len=14: 
10 02 07 00 4b e4 04 0e 09 1d 2f 10 03 98 

[09:29:47:120 TRACE]  Recv Packet, Len=2: 
10 06 

[09:29:47:136 TRACE]  Send Packet, Len=2: 
10 05 

[09:29:47:151 TRACE]  Recv Packet, Len=2: 
10 02 

[09:29:47:167 TRACE]  Recv Packet, Len=2: 
44 00 

[09:29:47:182 TRACE]  Recv Packet, Len=71: 
4b 73 00 00 be fe b2 e9 14 0d 16 0d 17 0d 19 0d 
1a 0d 2c 0d 2a 0d 29 0d 39 0d 3a 0d 3c 0d 18 0d 
1b 0d 00 00 00 00 00 00 00 00 00 00 00 00 00 00 
00 00 00 00 00 00 00 00 00 00 00 00 00 00 00 00 
00 00 00 00 10 03 6e 

[09:29:47:396 TRACE]  Send Packet, Len=14: 
10 02 07 00 50 e4 04 0e 09 1d 2f 10 03 83 

[09:29:47:401 TRACE]  Recv Packet, Len=2: 
10 06 

[09:29:47:408 TRACE]  Send Packet, Len=2: 
10 05 

[09:29:47:413 TRACE]  Recv Packet, Len=2: 
10 02 

[09:29:47:419 TRACE]  Recv Packet, Len=2: 
44 00 

[09:29:47:457 TRACE]  Recv Packet, Len=71: 
50 73 00 00 be fe b2 e9 1b 0d 18 0d 3c 0d 3a 0d 
39 0d 29 0d 2a 0d 2c 0d 1a 0d 19 0d 17 0d 16 0d 
14 0d 00 00 00 00 00 00 00 00 00 00 00 00 00 00 
00 00 00 00 00 00 00 00 00 00 00 00 00 00 00 00 
00 00 00 00 10 03 75 

[09:29:47:472 TRACE]  Send Packet, Len=14: 
10 02 07 00 4b e4 04 0e 09 1d 2f 10 03 98 

[09:29:47:488 TRACE]  Recv Packet, Len=2: 
10 06 

[09:29:47:504 TRACE]  Send Packet, Len=2: 
10 05 

[09:29:47:519 TRACE]  Recv Packet, Len=2: 
10 02 

[09:29:47:535 TRACE]  Recv Packet, Len=2: 
44 00 

[09:29:47:551 TRACE]  Recv Packet, Len=71: 
4b 73 00 00 be fe b2 e9 14 0d 16 0d 17 0d 19 0d 
1a 0d 2c 0d 2a 0d 29 0d 39 0d 3a 0d 3c 0d 18 0d 
1b 0d 00 00 00 00 00 00 00 00 00 00 00 00 00 00 
00 00 00 00 00 00 00 00 00 00 00 00 00 00 00 00 
00 00 00 00 10 03 6e 

[09:31:22:384 TRACE]  Send Packet, Len=74: 
10 02 43 00 57 e4 04 0e 09 1f 16 14 0d 00 00 00 
00 00 00 00 00 00 00 00 00 00 00 00 00 00 00 00 
00 00 00 00 00 00 00 00 00 00 00 00 00 00 00 00 
00 00 00 00 00 00 00 00 00 00 00 00 00 00 00 00 
00 00 00 00 00 00 00 10 03 e2 

[09:31:22:431 TRACE]  Recv Packet, Len=2: 
10 06 

[09:31:22:447 TRACE]  Send Packet, Len=2: 
10 05 

[09:31:22:464 TRACE]  Recv Packet, Len=2: 
10 02 

[09:31:22:480 TRACE]  Recv Packet, Len=2: 
08 00 

[09:31:22:495 TRACE]  Recv Packet, Len=11: 
57 73 00 00 be fe b2 e9 10 03 36 

[09:34:28:462 TRACE]  Send Packet, Len=74: 
10 02 43 00 57 e4 04 0e 09 22 1b 14 0d 00 00 00 
00 00 00 00 00 00 00 00 00 00 00 00 00 00 00 00 
00 00 00 00 00 00 00 00 00 00 00 00 00 00 00 00 
00 00 00 00 00 00 00 00 00 00 00 00 00 00 00 00 
00 00 00 00 00 00 00 10 03 d2 

[09:34:28:464 TRACE]  Recv Packet, Len=2: 
10 06 

[09:34:28:471 TRACE]  Send Packet, Len=2: 
10 05 

[09:35:17:837 TRACE]  Send Packet, Len=14: 
10 02 07 00 50 e4 04 0e 09 23 11 10 03 83 

[09:35:17:844 TRACE]  Recv Packet, Len=2: 
10 06 

[09:35:17:849 TRACE]  Send Packet, Len=2: 
10 05 

[09:35:17:854 TRACE]  Recv Packet, Len=2: 
10 02 

[09:35:17:858 TRACE]  Recv Packet, Len=2: 
44 00 

[09:35:17:892 TRACE]  Recv Packet, Len=71: 
50 73 00 00 be fe b2 e9 14 0d 00 00 00 00 00 00 
00 00 00 00 00 00 00 00 00 00 00 00 00 00 00 00 
00 00 00 00 00 00 00 00 00 00 00 00 00 00 00 00 
00 00 00 00 00 00 00 00 00 00 00 00 00 00 00 00 
00 00 00 00 10 03 64 

[09:35:17:897 TRACE]  Send Packet, Len=14: 
10 02 07 00 4b e4 04 0e 09 23 11 10 03 98 

[09:35:17:907 TRACE]  Recv Packet, Len=2: 
10 06 

[09:35:17:912 TRACE]  Send Packet, Len=2: 
10 05 

[09:35:17:917 TRACE]  Recv Packet, Len=2: 
10 02 

[09:35:17:922 TRACE]  Recv Packet, Len=2: 
44 00 

[09:35:17:954 TRACE]  Recv Packet, Len=71: 
4b 73 00 00 be fe b2 e9 14 0d 16 0d 17 0d 19 0d 
1a 0d 2c 0d 2a 0d 29 0d 39 0d 3a 0d 3c 0d 18 0d 
1b 0d 00 00 00 00 00 00 00 00 00 00 00 00 00 00 
00 00 00 00 00 00 00 00 00 00 00 00 00 00 00 00 
00 00 00 00 10 03 6e 

[09:35:17:967 TRACE]  Send Packet, Len=14: 
10 02 07 00 50 e4 04 0e 09 23 11 10 03 83 

[09:35:17:976 TRACE]  Recv Packet, Len=2: 
10 06 

[09:35:17:980 TRACE]  Send Packet, Len=2: 
10 05 

[09:35:17:985 TRACE]  Recv Packet, Len=2: 
10 02 

[09:35:17:990 TRACE]  Recv Packet, Len=2: 
44 00 

[09:35:18:023 TRACE]  Recv Packet, Len=71: 
50 73 00 00 be fe b2 e9 14 0d 00 00 00 00 00 00 
00 00 00 00 00 00 00 00 00 00 00 00 00 00 00 00 
00 00 00 00 00 00 00 00 00 00 00 00 00 00 00 00 
00 00 00 00 00 00 00 00 00 00 00 00 00 00 00 00 
00 00 00 00 10 03 64 

[09:35:18:028 TRACE]  Send Packet, Len=14: 
10 02 07 00 4b e4 04 0e 09 23 12 10 03 9b 

[09:35:18:038 TRACE]  Recv Packet, Len=2: 
10 06 

[09:35:18:042 TRACE]  Send Packet, Len=2: 
10 05 

[09:35:18:047 TRACE]  Recv Packet, Len=2: 
10 02 

[09:35:18:052 TRACE]  Recv Packet, Len=2: 
44 00 

[09:35:18:085 TRACE]  Recv Packet, Len=71: 
4b 73 00 00 be fe b2 e9 14 0d 16 0d 17 0d 19 0d 
1a 0d 2c 0d 2a 0d 29 0d 39 0d 3a 0d 3c 0d 18 0d 
1b 0d 00 00 00 00 00 00 00 00 00 00 00 00 00 00 
00 00 00 00 00 00 00 00 00 00 00 00 00 00 00 00 
00 00 00 00 10 03 6e 

[09:35:28:431 TRACE]  Send Packet, Len=74: 
10 02 43 00 57 e4 04 0e 09 23 1c 14 0d 00 00 00 
00 00 00 00 00 00 00 00 00 00 00 00 00 00 00 00 
00 00 00 00 00 00 00 00 00 00 00 00 00 00 00 00 
00 00 00 00 00 00 00 00 00 00 00 00 00 00 00 00 
00 00 00 00 00 00 00 10 03 d4 

[09:35:28:471 TRACE]  Recv Packet, Len=2: 
10 06 

[09:35:28:476 TRACE]  Send Packet, Len=2: 
10 05 

[09:35:28:482 TRACE]  Recv Packet, Len=2: 
10 02 

[09:35:28:487 TRACE]  Recv Packet, Len=2: 
08 00 

[09:35:28:492 TRACE]  Recv Packet, Len=11: 
57 73 00 00 be fe b2 e9 10 03 36 

[09:35:30:643 TRACE]  Send Packet, Len=14: 
10 02 07 00 50 e4 04 0e 09 23 1e 10 03 8c 

[09:35:30:651 TRACE]  Recv Packet, Len=2: 
10 06 

[09:35:30:656 TRACE]  Send Packet, Len=2: 
10 05 

[09:35:30:660 TRACE]  Recv Packet, Len=2: 
10 02 

[09:35:30:665 TRACE]  Recv Packet, Len=2: 
44 00 

[09:35:30:698 TRACE]  Recv Packet, Len=71: 
50 73 00 00 be fe b2 e9 14 0d 00 00 00 00 00 00 
00 00 00 00 00 00 00 00 00 00 00 00 00 00 00 00 
00 00 00 00 00 00 00 00 00 00 00 00 00 00 00 00 
00 00 00 00 00 00 00 00 00 00 00 00 00 00 00 00 
00 00 00 00 10 03 64 

[09:35:30:703 TRACE]  Send Packet, Len=14: 
10 02 07 00 4b e4 04 0e 09 23 1e 10 03 97 

[09:35:30:712 TRACE]  Recv Packet, Len=2: 
10 06 

[09:35:30:717 TRACE]  Send Packet, Len=2: 
10 05 

[09:35:30:722 TRACE]  Recv Packet, Len=2: 
10 02 

[09:35:30:727 TRACE]  Recv Packet, Len=2: 
44 00 

[09:35:30:760 TRACE]  Recv Packet, Len=71: 
4b 73 00 00 be fe b2 e9 14 0d 16 0d 17 0d 19 0d 
1a 0d 2c 0d 2a 0d 29 0d 39 0d 3a 0d 3c 0d 18 0d 
1b 0d 00 00 00 00 00 00 00 00 00 00 00 00 00 00 
00 00 00 00 00 00 00 00 00 00 00 00 00 00 00 00 
00 00 00 00 10 03 6e 

[09:35:30:776 TRACE]  Send Packet, Len=14: 
10 02 07 00 50 e4 04 0e 09 23 1e 10 03 8c 

[09:35:30:784 TRACE]  Recv Packet, Len=2: 
10 06 

[09:35:30:789 TRACE]  Send Packet, Len=2: 
10 05 

[09:35:30:795 TRACE]  Recv Packet, Len=2: 
10 02 

[09:35:30:799 TRACE]  Recv Packet, Len=2: 
44 00 

[09:35:30:833 TRACE]  Recv Packet, Len=71: 
50 73 00 00 be fe b2 e9 14 0d 00 00 00 00 00 00 
00 00 00 00 00 00 00 00 00 00 00 00 00 00 00 00 
00 00 00 00 00 00 00 00 00 00 00 00 00 00 00 00 
00 00 00 00 00 00 00 00 00 00 00 00 00 00 00 00 
00 00 00 00 10 03 64 

[09:35:30:838 TRACE]  Send Packet, Len=14: 
10 02 07 00 4b e4 04 0e 09 23 1e 10 03 97 

[09:35:30:847 TRACE]  Recv Packet, Len=2: 
10 06 

[09:35:30:852 TRACE]  Send Packet, Len=2: 
10 05 

[09:35:30:857 TRACE]  Recv Packet, Len=2: 
10 02 

[09:35:30:862 TRACE]  Recv Packet, Len=2: 
44 00 

[09:35:30:895 TRACE]  Recv Packet, Len=71: 
4b 73 00 00 be fe b2 e9 14 0d 16 0d 17 0d 19 0d 
1a 0d 2c 0d 2a 0d 29 0d 39 0d 3a 0d 3c 0d 18 0d 
1b 0d 00 00 00 00 00 00 00 00 00 00 00 00 00 00 
00 00 00 00 00 00 00 00 00 00 00 00 00 00 00 00 
00 00 00 00 10 03 6e 

[14:07:28:753 TRACE]  Send Packet, Len=15: 
10 02 08 00 72 e4 04 0e 0e 07 1c 31 10 03 b1 

[14:07:55:687 TRACE]  Send Packet, Len=74: 
10 02 43 00 57 e4 04 0e 0e 07 37 00 00 00 00 00 
00 00 00 00 00 00 00 00 00 00 00 00 00 00 00 00 
00 00 00 00 00 00 00 00 00 00 00 00 00 00 00 00 
00 00 00 00 00 00 00 00 00 00 00 00 00 00 00 00 
00 00 00 00 00 00 00 10 03 c5 

