[18:21:30:073 TRACE]  Send Packet, Len=15: 
10 02 08 00 72 e4 04 0d 12 15 1e 30 10 03 bf 

[18:21:30:083 TRACE]  Recv Packet, Len=2: 
10 06 

[18:21:30:093 TRACE]  Send Packet, Len=2: 
10 05 

[18:21:30:096 TRACE]  Recv Packet, Len=2: 
10 02 

[18:21:30:106 TRACE]  Recv Packet, Len=2: 
17 00 

[18:21:30:116 TRACE]  Recv Packet, Len=26: 
72 73 00 00 be fe f2 e9 42 41 5f 30 38 76 31 2e 
30 30 62 31 39 44 47 10 03 18 

[18:21:30:196 TRACE]  Send Packet, Len=15: 
10 02 08 00 72 e4 04 0d 12 15 1e 31 10 03 be 

[18:21:30:205 TRACE]  Recv Packet, Len=2: 
10 06 

[18:21:30:214 TRACE]  Send Packet, Len=2: 
10 05 

[18:21:30:223 TRACE]  Recv Packet, Len=2: 
10 02 

[18:21:30:233 TRACE]  Recv Packet, Len=2: 
2a 00 

[18:21:30:242 TRACE]  Recv Packet, Len=45: 
72 73 00 00 be fe f2 e9 4d 35 32 30 31 33 43 30 
31 36 3b 57 35 2e 32 30 31 33 43 31 36 3b 53 71 
2e 32 30 30 31 41 31 34 3b 2c 10 03 29 

[18:21:30:251 TRACE]  Send Packet, Len=15: 
10 02 08 00 72 e4 04 0d 12 15 1e 30 10 03 bf 

[18:21:30:260 TRACE]  Recv Packet, Len=2: 
10 06 

[18:21:30:268 TRACE]  Send Packet, Len=2: 
10 05 

[18:21:30:271 TRACE]  Recv Packet, Len=2: 
10 02 

[18:21:30:279 TRACE]  Recv Packet, Len=2: 
17 00 

[18:21:30:289 TRACE]  Recv Packet, Len=26: 
72 73 00 00 be fe f2 e9 42 41 5f 30 38 76 31 2e 
30 30 62 31 39 44 47 10 03 18 

[18:21:34:520 TRACE]  Send Packet, Len=14: 
10 02 07 00 4b e4 04 0d 12 15 22 10 03 85 

[18:21:34:528 TRACE]  Recv Packet, Len=2: 
10 06 

[18:21:34:537 TRACE]  Send Packet, Len=2: 
10 05 

[18:21:34:546 TRACE]  Recv Packet, Len=2: 
10 02 

[18:21:34:554 TRACE]  Recv Packet, Len=2: 
44 00 

[18:21:34:579 TRACE]  Recv Packet, Len=71: 
4b 73 00 00 be fe f2 e9 14 0d 16 0d 17 0d 19 0d 
1a 0d 2c 0d 2a 0d 29 0d 39 0d 3a 0d 3c 0d 18 0d 
1b 0d 00 00 00 00 00 00 00 00 00 00 00 00 00 00 
00 00 00 00 00 00 00 00 00 00 00 00 00 00 00 00 
00 00 00 00 10 03 2e 


------------------------End---------------------
           
           
           
           
           
           
           
           
           
           
           
           
           
           
           
           
           
           
           
           
           
           
           
           
           
           
           
           
           
           
           
           
           
           
           
           
           
           
           
           
 

[18:27:19:620 TRACE]  Send Packet, Len=15: 
10 02 08 00 72 e4 04 0d 12 1b 13 30 10 03 bc 

[18:27:19:631 TRACE]  Recv Packet, Len=2: 
10 06 

[18:27:19:639 TRACE]  Send Packet, Len=2: 
10 05 

[18:27:19:642 TRACE]  Recv Packet, Len=2: 
10 02 

[18:27:19:650 TRACE]  Recv Packet, Len=2: 
17 00 

[18:27:19:658 TRACE]  Recv Packet, Len=26: 
72 73 00 00 be fe f2 e9 42 41 5f 30 38 76 31 2e 
30 30 62 31 39 44 47 10 03 18 

[18:27:19:734 TRACE]  Send Packet, Len=15: 
10 02 08 00 72 e4 04 0d 12 1b 13 31 10 03 bd 

[18:27:19:740 TRACE]  Recv Packet, Len=2: 
10 06 

[18:27:19:746 TRACE]  Send Packet, Len=2: 
10 05 

[18:27:19:751 TRACE]  Recv Packet, Len=2: 
10 02 

[18:27:19:757 TRACE]  Recv Packet, Len=2: 
2a 00 

[18:27:19:775 TRACE]  Recv Packet, Len=45: 
72 73 00 00 be fe f2 e9 4d 35 32 30 31 33 43 30 
31 36 3b 57 35 2e 32 30 31 33 43 31 36 3b 53 71 
2e 32 30 30 31 41 31 34 3b 2c 10 03 29 

[18:27:19:782 TRACE]  Send Packet, Len=15: 
10 02 08 00 72 e4 04 0d 12 1b 13 30 10 03 bc 

[18:27:19:792 TRACE]  Recv Packet, Len=2: 
10 06 

[18:27:19:799 TRACE]  Send Packet, Len=2: 
10 05 

[18:27:19:802 TRACE]  Recv Packet, Len=2: 
10 02 

[18:27:19:809 TRACE]  Recv Packet, Len=2: 
17 00 

[18:27:19:818 TRACE]  Recv Packet, Len=26: 
72 73 00 00 be fe f2 e9 42 41 5f 30 38 76 31 2e 
30 30 62 31 39 44 47 10 03 18 

[18:27:22:513 TRACE]  Send Packet, Len=14: 
10 02 07 00 4b e4 04 0d 12 1b 16 10 03 bf 

[18:27:22:530 TRACE]  Recv Packet, Len=2: 
10 06 

[18:27:22:549 TRACE]  Send Packet, Len=2: 
10 05 

[18:27:22:554 TRACE]  Recv Packet, Len=2: 
10 02 

[18:27:22:561 TRACE]  Recv Packet, Len=2: 
44 00 

[18:27:22:592 TRACE]  Recv Packet, Len=71: 
4b 73 00 00 be fe f2 e9 14 0d 16 0d 17 0d 19 0d 
1a 0d 2c 0d 2a 0d 29 0d 39 0d 3a 0d 3c 0d 18 0d 
1b 0d 00 00 00 00 00 00 00 00 00 00 00 00 00 00 
00 00 00 00 00 00 00 00 00 00 00 00 00 00 00 00 
00 00 00 00 10 03 2e 

[18:27:28:441 TRACE]  Send Packet, Len=14: 
10 02 07 00 50 e4 04 0d 12 1b 1c 10 03 ae 

[18:27:28:448 TRACE]  Recv Packet, Len=2: 
10 06 

[18:27:28:453 TRACE]  Send Packet, Len=2: 
10 05 

[18:27:28:458 TRACE]  Recv Packet, Len=2: 
10 02 

[18:27:28:463 TRACE]  Recv Packet, Len=2: 
44 00 

[18:27:28:496 TRACE]  Recv Packet, Len=71: 
50 73 00 00 be fe f2 e9 1b 0d 18 0d 3c 0d 3a 0d 
39 0d 29 0d 2a 0d 2c 0d 1a 0d 19 0d 17 0d 16 0d 
14 0d 00 00 00 00 00 00 00 00 00 00 00 00 00 00 
00 00 00 00 00 00 00 00 00 00 00 00 00 00 00 00 
00 00 00 00 10 03 35 

[18:27:28:503 TRACE]  Send Packet, Len=14: 
10 02 07 00 4b e4 04 0d 12 1b 1c 10 03 b5 

[18:27:28:512 TRACE]  Recv Packet, Len=2: 
10 06 

[18:27:28:520 TRACE]  Send Packet, Len=2: 
10 05 

[18:27:28:528 TRACE]  Recv Packet, Len=2: 
10 02 

[18:27:28:536 TRACE]  Recv Packet, Len=2: 
44 00 

[18:27:28:563 TRACE]  Recv Packet, Len=71: 
4b 73 00 00 be fe f2 e9 14 0d 16 0d 17 0d 19 0d 
1a 0d 2c 0d 2a 0d 29 0d 39 0d 3a 0d 3c 0d 18 0d 
1b 0d 00 00 00 00 00 00 00 00 00 00 00 00 00 00 
00 00 00 00 00 00 00 00 00 00 00 00 00 00 00 00 
00 00 00 00 10 03 2e 

[18:27:30:266 TRACE]  Send Packet, Len=14: 
10 02 07 00 50 e4 04 0d 12 1b 1e 10 03 ac 

[18:27:30:272 TRACE]  Recv Packet, Len=2: 
10 06 

[18:27:30:277 TRACE]  Send Packet, Len=2: 
10 05 

[18:27:30:283 TRACE]  Recv Packet, Len=2: 
10 02 

[18:27:30:289 TRACE]  Recv Packet, Len=2: 
44 00 

[18:27:30:321 TRACE]  Recv Packet, Len=71: 
50 73 00 00 be fe f2 e9 1b 0d 18 0d 3c 0d 3a 0d 
39 0d 29 0d 2a 0d 2c 0d 1a 0d 19 0d 17 0d 16 0d 
14 0d 00 00 00 00 00 00 00 00 00 00 00 00 00 00 
00 00 00 00 00 00 00 00 00 00 00 00 00 00 00 00 
00 00 00 00 10 03 35 

[18:27:30:326 TRACE]  Send Packet, Len=14: 
10 02 07 00 4b e4 04 0d 12 1b 1e 10 03 b7 

[18:27:30:336 TRACE]  Recv Packet, Len=2: 
10 06 

[18:27:30:341 TRACE]  Send Packet, Len=2: 
10 05 

[18:27:30:347 TRACE]  Recv Packet, Len=2: 
10 02 

[18:27:30:354 TRACE]  Recv Packet, Len=2: 
44 00 

[18:27:30:384 TRACE]  Recv Packet, Len=71: 
4b 73 00 00 be fe f2 e9 14 0d 16 0d 17 0d 19 0d 
1a 0d 2c 0d 2a 0d 29 0d 39 0d 3a 0d 3c 0d 18 0d 
1b 0d 00 00 00 00 00 00 00 00 00 00 00 00 00 00 
00 00 00 00 00 00 00 00 00 00 00 00 00 00 00 00 
00 00 00 00 10 03 2e 

[18:27:34:999 TRACE]  Send Packet, Len=14: 
10 02 07 00 50 e4 04 0d 12 1b 22 10 03 90 

[18:27:35:005 TRACE]  Recv Packet, Len=2: 
10 06 

[18:27:35:010 TRACE]  Send Packet, Len=2: 
10 05 

[18:27:35:016 TRACE]  Recv Packet, Len=2: 
10 02 

[18:27:35:021 TRACE]  Recv Packet, Len=2: 
44 00 

[18:27:35:052 TRACE]  Recv Packet, Len=71: 
50 73 00 00 be fe f2 e9 1b 0d 18 0d 3c 0d 3a 0d 
39 0d 29 0d 2a 0d 2c 0d 1a 0d 19 0d 17 0d 16 0d 
14 0d 00 00 00 00 00 00 00 00 00 00 00 00 00 00 
00 00 00 00 00 00 00 00 00 00 00 00 00 00 00 00 
00 00 00 00 10 03 35 

[18:27:35:057 TRACE]  Send Packet, Len=14: 
10 02 07 00 4b e4 04 0d 12 1b 23 10 03 8a 

[18:27:35:067 TRACE]  Recv Packet, Len=2: 
10 06 

[18:27:35:073 TRACE]  Send Packet, Len=2: 
10 05 

[18:27:35:078 TRACE]  Recv Packet, Len=2: 
10 02 

[18:27:35:083 TRACE]  Recv Packet, Len=2: 
44 00 

[18:27:35:117 TRACE]  Recv Packet, Len=71: 
4b 73 00 00 be fe f2 e9 14 0d 16 0d 17 0d 19 0d 
1a 0d 2c 0d 2a 0d 29 0d 39 0d 3a 0d 3c 0d 18 0d 
1b 0d 00 00 00 00 00 00 00 00 00 00 00 00 00 00 
00 00 00 00 00 00 00 00 00 00 00 00 00 00 00 00 
00 00 00 00 10 03 2e 

[18:27:49:037 TRACE]  Send Packet, Len=14: 
10 02 07 00 50 e4 04 0d 12 1b 31 10 03 83 

[18:27:49:045 TRACE]  Recv Packet, Len=2: 
10 06 

[18:27:49:053 TRACE]  Send Packet, Len=2: 
10 05 

[18:27:49:061 TRACE]  Recv Packet, Len=2: 
10 02 

[18:27:49:069 TRACE]  Recv Packet, Len=2: 
44 00 

[18:27:49:096 TRACE]  Recv Packet, Len=71: 
50 73 00 00 be fe f2 e9 1b 0d 18 0d 3c 0d 3a 0d 
39 0d 29 0d 2a 0d 2c 0d 1a 0d 19 0d 17 0d 16 0d 
14 0d 00 00 00 00 00 00 00 00 00 00 00 00 00 00 
00 00 00 00 00 00 00 00 00 00 00 00 00 00 00 00 
00 00 00 00 10 03 35 

[18:27:49:103 TRACE]  Send Packet, Len=14: 
10 02 07 00 4b e4 04 0d 12 1b 31 10 03 98 

[18:27:49:111 TRACE]  Recv Packet, Len=2: 
10 06 

[18:27:49:117 TRACE]  Send Packet, Len=2: 
10 05 

[18:27:49:121 TRACE]  Recv Packet, Len=2: 
10 02 

[18:27:49:129 TRACE]  Recv Packet, Len=2: 
44 00 

[18:27:49:159 TRACE]  Recv Packet, Len=71: 
4b 73 00 00 be fe f2 e9 14 0d 16 0d 17 0d 19 0d 
1a 0d 2c 0d 2a 0d 29 0d 39 0d 3a 0d 3c 0d 18 0d 
1b 0d 00 00 00 00 00 00 00 00 00 00 00 00 00 00 
00 00 00 00 00 00 00 00 00 00 00 00 00 00 00 00 
00 00 00 00 10 03 2e 

[18:27:55:189 TRACE]  Send Packet, Len=14: 
10 02 07 00 41 e4 04 0d 12 1b 37 10 03 94 

[18:27:55:197 TRACE]  Recv Packet, Len=2: 
10 06 

[18:27:55:204 TRACE]  Send Packet, Len=2: 
10 05 

[18:27:55:211 TRACE]  Recv Packet, Len=2: 
10 02 

[18:27:55:219 TRACE]  Recv Packet, Len=2: 
08 00 

[18:27:55:226 TRACE]  Recv Packet, Len=11: 
41 65 01 40 be fe f2 e9 10 03 37 

